TN:
SF:C:\Users\AMUKKA\VueJS\Sample_assessments\meal_assignment\src\App.vue
FNF:0
FNH:0
DA:9,1
LF:1
LH:1
BRF:0
BRH:0
end_of_record
TN:
SF:C:\Users\AMUKKA\VueJS\Sample_assessments\meal_assignment\src\components\ErrorPage.vue
FN:16,(anonymous_1)
FNF:1
FNH:1
FNDA:1,(anonymous_1)
DA:9,1
DA:17,1
LF:2
LH:2
BRF:0
BRH:0
end_of_record
TN:
SF:C:\Users\AMUKKA\VueJS\Sample_assessments\meal_assignment\src\components\Header.vue
FN:31,(anonymous_1)
FN:37,(anonymous_2)
FNF:2
FNH:2
FNDA:3,(anonymous_1)
FNDA:1,(anonymous_2)
DA:32,3
DA:38,1
DA:39,1
DA:40,1
LF:4
LH:4
BRF:0
BRH:0
end_of_record
TN:
SF:C:\Users\AMUKKA\VueJS\Sample_assessments\meal_assignment\src\components\MealCard.vue
FN:34,(anonymous_1)
FNF:1
FNH:1
FNDA:1,(anonymous_1)
DA:35,1
LF:1
LH:1
BRF:0
BRH:0
end_of_record
TN:
SF:C:\Users\AMUKKA\VueJS\Sample_assessments\meal_assignment\src\components\MealDetails.vue
FN:63,(anonymous_1)
FN:72,(anonymous_2)
FN:76,(anonymous_3)
FN:81,(anonymous_4)
FNF:4
FNH:4
FNDA:4,(anonymous_1)
FNDA:4,(anonymous_2)
FNDA:5,(anonymous_3)
FNDA:6,(anonymous_4)
DA:60,4
DA:64,4
DA:73,4
DA:77,5
DA:78,5
DA:79,5
DA:82,6
LF:7
LH:7
BRF:0
BRH:0
end_of_record
TN:
SF:C:\Users\AMUKKA\VueJS\Sample_assessments\meal_assignment\src\components\SearchDetails.vue
FN:33,(anonymous_1)
FN:44,(anonymous_2)
FN:45,(anonymous_3)
FN:55,(anonymous_5)
FNF:4
FNH:4
FNDA:3,(anonymous_1)
FNDA:3,(anonymous_2)
FNDA:3,(anonymous_3)
FNDA:4,(anonymous_5)
DA:24,4
DA:25,4
DA:34,3
DA:45,3
DA:48,0
DA:51,3
DA:56,4
DA:57,4
DA:58,4
DA:59,4
DA:60,4
DA:61,4
LF:12
LH:11
BRDA:57,0,0,4
BRDA:57,0,1,0
BRF:2
BRH:1
end_of_record
TN:
SF:C:\Users\AMUKKA\VueJS\Sample_assessments\meal_assignment\src\router\index.js
FNF:0
FNH:0
DA:8,3
DA:10,3
DA:29,3
LF:3
LH:3
BRF:0
BRH:0
end_of_record
TN:
SF:C:\Users\AMUKKA\VueJS\Sample_assessments\meal_assignment\src\service\config.js
FNF:0
FNH:0
DA:2,0
DA:3,0
LF:2
LH:0
BRF:0
BRH:0
end_of_record
TN:
SF:C:\Users\AMUKKA\VueJS\Sample_assessments\meal_assignment\src\service\service.js
FN:3,getRandomMealResult
FN:7,getMealDetailsByIdResult
FN:11,getSearchDataResult
FNF:3
FNH:3
FNDA:1,getRandomMealResult
FNDA:1,getMealDetailsByIdResult
FNDA:1,getSearchDataResult
DA:4,1
DA:8,1
DA:12,1
LF:3
LH:3
BRF:0
BRH:0
end_of_record
TN:
SF:C:\Users\AMUKKA\VueJS\Sample_assessments\meal_assignment\src\store\actions.js
FN:7,(anonymous_0)
FN:15,(anonymous_1)
FN:23,(anonymous_2)
FNF:3
FNH:3
FNDA:2,(anonymous_0)
FNDA:2,(anonymous_1)
FNDA:2,(anonymous_2)
DA:8,2
DA:9,2
DA:10,1
DA:12,1
DA:16,2
DA:17,2
DA:18,1
DA:20,1
DA:24,2
DA:25,2
DA:26,1
DA:28,1
LF:12
LH:12
BRF:0
BRH:0
end_of_record
TN:
SF:C:\Users\AMUKKA\VueJS\Sample_assessments\meal_assignment\src\store\getters.js
FN:2,(anonymous_0)
FN:7,(anonymous_1)
FN:23,(anonymous_2)
FNF:3
FNH:3
FNDA:1,(anonymous_0)
FNDA:11,(anonymous_1)
FNDA:2,(anonymous_2)
DA:3,1
DA:4,1
DA:5,1
DA:6,1
DA:7,1
DA:8,11
DA:9,11
DA:14,2
DA:15,9
DA:20,2
DA:23,1
DA:24,2
DA:30,1
LF:13
LH:13
BRDA:9,0,0,2
BRDA:9,0,1,9
BRDA:10,1,0,11
BRDA:10,1,1,3
BRDA:10,1,2,3
BRDA:15,2,0,2
BRDA:15,2,1,7
BRDA:16,3,0,9
BRDA:16,3,1,3
BRDA:16,3,2,3
BRF:10
BRH:10
end_of_record
TN:
SF:C:\Users\AMUKKA\VueJS\Sample_assessments\meal_assignment\src\store\index.js
FNF:0
FNH:0
DA:6,0
LF:1
LH:0
BRF:0
BRH:0
end_of_record
TN:
SF:C:\Users\AMUKKA\VueJS\Sample_assessments\meal_assignment\src\store\mutations.js
FN:2,(anonymous_0)
FN:6,(anonymous_1)
FN:11,(anonymous_2)
FN:15,(anonymous_3)
FNF:4
FNH:4
FNDA:1,(anonymous_0)
FNDA:1,(anonymous_1)
FNDA:1,(anonymous_2)
FNDA:1,(anonymous_3)
DA:3,1
DA:4,1
DA:7,1
DA:8,1
DA:12,1
DA:16,1
LF:6
LH:6
BRF:0
BRH:0
end_of_record
TN:
SF:C:\Users\AMUKKA\VueJS\Sample_assessments\meal_assignment\src\views\Home.vue
FN:26,(anonymous_1)
FN:35,(anonymous_2)
FN:39,(anonymous_3)
FNF:3
FNH:3
FNDA:3,(anonymous_1)
FNDA:3,(anonymous_2)
FNDA:4,(anonymous_3)
DA:17,3
DA:19,3
DA:27,3
DA:36,3
DA:40,4
DA:41,4
DA:42,4
LF:7
LH:7
BRF:0
BRH:0
end_of_record
